[0.368s] DEBUG:colcon:Command line arguments: ['/usr/bin/colcon', 'build']
[0.368s] DEBUG:colcon:Parsed command line arguments: Namespace(log_base=None, log_level=None, verb_name='build', build_base='build', install_base='install', merge_install=False, symlink_install=False, test_result_base=None, continue_on_error=False, executor='parallel', parallel_workers=12, event_handlers=None, ignore_user_meta=False, metas=['./colcon.meta'], base_paths=['.'], packages_ignore=None, packages_ignore_regex=None, paths=None, packages_up_to=None, packages_up_to_regex=None, packages_above=None, packages_above_and_dependencies=None, packages_above_depth=None, packages_select_by_dep=None, packages_skip_by_dep=None, packages_skip_up_to=None, packages_select_build_failed=False, packages_skip_build_finished=False, packages_select_test_failures=False, packages_skip_test_passed=False, packages_select=None, packages_skip=None, packages_select_regex=None, packages_skip_regex=None, packages_start=None, packages_end=None, allow_overriding=[], cmake_args=None, cmake_target=None, cmake_target_skip_unavailable=False, cmake_clean_cache=False, cmake_clean_first=False, cmake_force_configure=False, ament_cmake_args=None, catkin_cmake_args=None, catkin_skip_building_tests=False, mixin_files=None, mixin=None, verb_parser=<colcon_mixin.mixin.mixin_argument.MixinArgumentDecorator object at 0x738f0993d6f0>, verb_extension=<colcon_core.verb.build.BuildVerb object at 0x738f09abefb0>, main=<bound method BuildVerb.main of <colcon_core.verb.build.BuildVerb object at 0x738f09abefb0>>, mixin_verb=('build',))
[0.637s] Level 1:colcon.colcon_core.package_discovery:discover_packages(colcon_meta) check parameters
[0.638s] Level 1:colcon.colcon_core.package_discovery:discover_packages(recursive) check parameters
[0.638s] Level 1:colcon.colcon_core.package_discovery:discover_packages(ignore) check parameters
[0.639s] Level 1:colcon.colcon_core.package_discovery:discover_packages(path) check parameters
[0.639s] Level 1:colcon.colcon_core.package_discovery:discover_packages(colcon_meta) discover
[0.639s] Level 1:colcon.colcon_core.package_discovery:discover_packages(recursive) discover
[0.640s] INFO:colcon.colcon_core.package_discovery:Crawling recursively for packages in '/mnt/c/Users/Edward/workspaces/robotics-portfolio/ros2-vision-perception/src'
[0.642s] Level 1:colcon.colcon_core.package_identification:_identify(.) by extensions ['ignore', 'ignore_ament_install']
[0.642s] Level 1:colcon.colcon_core.package_identification:_identify(.) by extension 'ignore'
[0.643s] Level 1:colcon.colcon_core.package_identification:_identify(.) by extension 'ignore_ament_install'
[0.643s] Level 1:colcon.colcon_core.package_identification:_identify(.) by extensions ['colcon_pkg']
[0.644s] Level 1:colcon.colcon_core.package_identification:_identify(.) by extension 'colcon_pkg'
[0.644s] Level 1:colcon.colcon_core.package_identification:_identify(.) by extensions ['colcon_meta']
[0.645s] Level 1:colcon.colcon_core.package_identification:_identify(.) by extension 'colcon_meta'
[0.645s] Level 1:colcon.colcon_core.package_identification:_identify(.) by extensions ['ros']
[0.646s] Level 1:colcon.colcon_core.package_identification:_identify(.) by extension 'ros'
[0.660s] Level 1:colcon.colcon_core.package_identification:_identify(.) by extensions ['cmake', 'python']
[0.660s] Level 1:colcon.colcon_core.package_identification:_identify(.) by extension 'cmake'
[0.661s] Level 1:colcon.colcon_core.package_identification:_identify(.) by extension 'python'
[0.662s] Level 1:colcon.colcon_core.package_identification:_identify(.) by extensions ['python_setup_py']
[0.663s] Level 1:colcon.colcon_core.package_identification:_identify(.) by extension 'python_setup_py'
[0.666s] Level 1:colcon.colcon_core.package_identification:_identify(basic_pubsub) by extensions ['ignore', 'ignore_ament_install']
[0.666s] Level 1:colcon.colcon_core.package_identification:_identify(basic_pubsub) by extension 'ignore'
[0.667s] Level 1:colcon.colcon_core.package_identification:_identify(basic_pubsub) by extension 'ignore_ament_install'
[0.669s] Level 1:colcon.colcon_core.package_identification:_identify(basic_pubsub) by extensions ['colcon_pkg']
[0.669s] Level 1:colcon.colcon_core.package_identification:_identify(basic_pubsub) by extension 'colcon_pkg'
[0.670s] Level 1:colcon.colcon_core.package_identification:_identify(basic_pubsub) by extensions ['colcon_meta']
[0.670s] Level 1:colcon.colcon_core.package_identification:_identify(basic_pubsub) by extension 'colcon_meta'
[0.671s] Level 1:colcon.colcon_core.package_identification:_identify(basic_pubsub) by extensions ['ros']
[0.671s] Level 1:colcon.colcon_core.package_identification:_identify(basic_pubsub) by extension 'ros'
[0.681s] DEBUG:colcon.colcon_core.package_identification:Package 'basic_pubsub' with type 'ros.ament_python' and name 'basic_pubsub'
[0.685s] Level 1:colcon.colcon_core.package_identification:_identify(build) by extensions ['ignore', 'ignore_ament_install']
[0.686s] Level 1:colcon.colcon_core.package_identification:_identify(build) by extension 'ignore'
[0.687s] Level 1:colcon.colcon_core.package_identification:_identify(build) ignored
[0.690s] Level 1:colcon.colcon_core.package_identification:_identify(install) by extensions ['ignore', 'ignore_ament_install']
[0.690s] Level 1:colcon.colcon_core.package_identification:_identify(install) by extension 'ignore'
[0.692s] Level 1:colcon.colcon_core.package_identification:_identify(install) ignored
[0.696s] Level 1:colcon.colcon_core.package_identification:_identify(log) by extensions ['ignore', 'ignore_ament_install']
[0.697s] Level 1:colcon.colcon_core.package_identification:_identify(log) by extension 'ignore'
[0.698s] Level 1:colcon.colcon_core.package_identification:_identify(log) ignored
[0.698s] Level 1:colcon.colcon_core.package_discovery:discover_packages(recursive) using defaults
[0.698s] Level 1:colcon.colcon_core.package_discovery:discover_packages(ignore) discover
[0.699s] Level 1:colcon.colcon_core.package_discovery:discover_packages(ignore) using defaults
[0.699s] Level 1:colcon.colcon_core.package_discovery:discover_packages(path) discover
[0.700s] Level 1:colcon.colcon_core.package_discovery:discover_packages(path) using defaults
[0.762s] Level 1:colcon.colcon_core.package_discovery:discover_packages(prefix_path) check parameters
[0.762s] Level 1:colcon.colcon_core.package_discovery:discover_packages(prefix_path) discover
[0.795s] DEBUG:colcon.colcon_installed_package_information.package_discovery:Found 1 installed packages in /mnt/c/Users/Edward/workspaces/robotics-portfolio/ros2-vision-perception/src/install
[0.797s] DEBUG:colcon.colcon_installed_package_information.package_discovery:Found 273 installed packages in /opt/ros/humble
[0.799s] Level 1:colcon.colcon_core.package_discovery:discover_packages(prefix_path) using defaults
[0.853s] Level 5:colcon.colcon_core.verb:set package 'basic_pubsub' build argument 'cmake_args' from command line to 'None'
[0.854s] Level 5:colcon.colcon_core.verb:set package 'basic_pubsub' build argument 'cmake_target' from command line to 'None'
[0.854s] Level 5:colcon.colcon_core.verb:set package 'basic_pubsub' build argument 'cmake_target_skip_unavailable' from command line to 'False'
[0.855s] Level 5:colcon.colcon_core.verb:set package 'basic_pubsub' build argument 'cmake_clean_cache' from command line to 'False'
[0.856s] Level 5:colcon.colcon_core.verb:set package 'basic_pubsub' build argument 'cmake_clean_first' from command line to 'False'
[0.856s] Level 5:colcon.colcon_core.verb:set package 'basic_pubsub' build argument 'cmake_force_configure' from command line to 'False'
[0.857s] Level 5:colcon.colcon_core.verb:set package 'basic_pubsub' build argument 'ament_cmake_args' from command line to 'None'
[0.857s] Level 5:colcon.colcon_core.verb:set package 'basic_pubsub' build argument 'catkin_cmake_args' from command line to 'None'
[0.858s] Level 5:colcon.colcon_core.verb:set package 'basic_pubsub' build argument 'catkin_skip_building_tests' from command line to 'False'
[0.858s] DEBUG:colcon.colcon_core.verb:Building package 'basic_pubsub' with the following arguments: {'ament_cmake_args': None, 'build_base': '/mnt/c/Users/Edward/workspaces/robotics-portfolio/ros2-vision-perception/src/build/basic_pubsub', 'catkin_cmake_args': None, 'catkin_skip_building_tests': False, 'cmake_args': None, 'cmake_clean_cache': False, 'cmake_clean_first': False, 'cmake_force_configure': False, 'cmake_target': None, 'cmake_target_skip_unavailable': False, 'install_base': '/mnt/c/Users/Edward/workspaces/robotics-portfolio/ros2-vision-perception/src/install/basic_pubsub', 'merge_install': False, 'path': '/mnt/c/Users/Edward/workspaces/robotics-portfolio/ros2-vision-perception/src/basic_pubsub', 'symlink_install': False, 'test_result_base': None}
[0.859s] INFO:colcon.colcon_core.executor:Executing jobs using 'parallel' executor
[0.860s] DEBUG:colcon.colcon_parallel_executor.executor.parallel:run_until_complete
[0.861s] INFO:colcon.colcon_ros.task.ament_python.build:Building ROS package in '/mnt/c/Users/Edward/workspaces/robotics-portfolio/ros2-vision-perception/src/basic_pubsub' with build type 'ament_python'
[0.861s] Level 1:colcon.colcon_core.shell:create_environment_hook('basic_pubsub', 'ament_prefix_path')
[0.868s] INFO:colcon.colcon_core.plugin_system:Skipping extension 'colcon_core.shell.bat': Not used on non-Windows systems
[0.868s] INFO:colcon.colcon_core.shell:Creating environment hook '/mnt/c/Users/Edward/workspaces/robotics-portfolio/ros2-vision-perception/src/install/basic_pubsub/share/basic_pubsub/hook/ament_prefix_path.ps1'
[0.883s] INFO:colcon.colcon_core.shell:Creating environment descriptor '/mnt/c/Users/Edward/workspaces/robotics-portfolio/ros2-vision-perception/src/install/basic_pubsub/share/basic_pubsub/hook/ament_prefix_path.dsv'
[0.898s] INFO:colcon.colcon_core.shell:Creating environment hook '/mnt/c/Users/Edward/workspaces/robotics-portfolio/ros2-vision-perception/src/install/basic_pubsub/share/basic_pubsub/hook/ament_prefix_path.sh'
[0.914s] INFO:colcon.colcon_core.shell:Skip shell extension 'powershell' for command environment: Not usable outside of PowerShell
[0.915s] DEBUG:colcon.colcon_core.shell:Skip shell extension 'dsv' for command environment
[1.560s] INFO:colcon.colcon_core.task.python.build:Building Python package in '/mnt/c/Users/Edward/workspaces/robotics-portfolio/ros2-vision-perception/src/basic_pubsub'
[1.561s] INFO:colcon.colcon_core.shell:Skip shell extension 'powershell' for command environment: Not usable outside of PowerShell
[1.561s] DEBUG:colcon.colcon_core.shell:Skip shell extension 'dsv' for command environment
[2.711s] DEBUG:colcon.colcon_core.task.python.build:Available setuptools commands: install_data, build_scripts, bdist_rpm, init_catalog, rotate, upload, develop, register, bdist_dumb, install_lib, alias, build_py, install_headers, upload_docs, setopt, test, install_egg_info, bdist_egg, bdist, dist_info, install, compile_catalog, check, build, sdist, saveopts, symlink_data, clean, update_catalog, extract_messages, easy_install, install_scripts, build_ext, build_clib, egg_info
[2.737s] DEBUG:colcon.colcon_core.event_handler.log_command:Invoking command in '/mnt/c/Users/Edward/workspaces/robotics-portfolio/ros2-vision-perception/src/basic_pubsub': PYTHONPATH=/mnt/c/Users/Edward/workspaces/robotics-portfolio/ros2-vision-perception/src/build/basic_pubsub/prefix_override:/usr/lib/python3/dist-packages/colcon_core/task/python/colcon_distutils_commands:/mnt/c/Users/Edward/workspaces/robotics-portfolio/ros2-vision-perception/src/install/basic_pubsub/lib/python3.10/site-packages:${PYTHONPATH} /usr/bin/python3 -W ignore:setup.py install is deprecated -W ignore:easy_install command is deprecated setup.py egg_info --egg-base ../build/basic_pubsub build --build-base /mnt/c/Users/Edward/workspaces/robotics-portfolio/ros2-vision-perception/src/build/basic_pubsub/build install --record /mnt/c/Users/Edward/workspaces/robotics-portfolio/ros2-vision-perception/src/build/basic_pubsub/install.log --install-scripts $base/lib/basic_pubsub --single-version-externally-managed install_data
[4.518s] DEBUG:colcon.colcon_core.event_handler.log_command:Invoked command in '/mnt/c/Users/Edward/workspaces/robotics-portfolio/ros2-vision-perception/src/basic_pubsub' returned '0': PYTHONPATH=/mnt/c/Users/Edward/workspaces/robotics-portfolio/ros2-vision-perception/src/build/basic_pubsub/prefix_override:/usr/lib/python3/dist-packages/colcon_core/task/python/colcon_distutils_commands:/mnt/c/Users/Edward/workspaces/robotics-portfolio/ros2-vision-perception/src/install/basic_pubsub/lib/python3.10/site-packages:${PYTHONPATH} /usr/bin/python3 -W ignore:setup.py install is deprecated -W ignore:easy_install command is deprecated setup.py egg_info --egg-base ../build/basic_pubsub build --build-base /mnt/c/Users/Edward/workspaces/robotics-portfolio/ros2-vision-perception/src/build/basic_pubsub/build install --record /mnt/c/Users/Edward/workspaces/robotics-portfolio/ros2-vision-perception/src/build/basic_pubsub/install.log --install-scripts $base/lib/basic_pubsub --single-version-externally-managed install_data
[4.530s] Level 1:colcon.colcon_core.environment:checking '/mnt/c/Users/Edward/workspaces/robotics-portfolio/ros2-vision-perception/src/install/basic_pubsub' for CMake module files
[4.594s] Level 1:colcon.colcon_core.environment:checking '/mnt/c/Users/Edward/workspaces/robotics-portfolio/ros2-vision-perception/src/install/basic_pubsub' for CMake config files
[4.685s] Level 1:colcon.colcon_core.environment:checking '/mnt/c/Users/Edward/workspaces/robotics-portfolio/ros2-vision-perception/src/install/basic_pubsub/lib'
[4.689s] Level 1:colcon.colcon_core.environment:checking '/mnt/c/Users/Edward/workspaces/robotics-portfolio/ros2-vision-perception/src/install/basic_pubsub/bin'
[4.691s] Level 1:colcon.colcon_core.environment:checking '/mnt/c/Users/Edward/workspaces/robotics-portfolio/ros2-vision-perception/src/install/basic_pubsub/lib/pkgconfig/basic_pubsub.pc'
[4.693s] Level 1:colcon.colcon_core.environment:checking '/mnt/c/Users/Edward/workspaces/robotics-portfolio/ros2-vision-perception/src/install/basic_pubsub/lib/python3.10/site-packages'
[4.696s] Level 1:colcon.colcon_core.shell:create_environment_hook('basic_pubsub', 'pythonpath')
[4.696s] INFO:colcon.colcon_core.shell:Creating environment hook '/mnt/c/Users/Edward/workspaces/robotics-portfolio/ros2-vision-perception/src/install/basic_pubsub/share/basic_pubsub/hook/pythonpath.ps1'
[4.710s] INFO:colcon.colcon_core.shell:Creating environment descriptor '/mnt/c/Users/Edward/workspaces/robotics-portfolio/ros2-vision-perception/src/install/basic_pubsub/share/basic_pubsub/hook/pythonpath.dsv'
[4.724s] INFO:colcon.colcon_core.shell:Creating environment hook '/mnt/c/Users/Edward/workspaces/robotics-portfolio/ros2-vision-perception/src/install/basic_pubsub/share/basic_pubsub/hook/pythonpath.sh'
[4.739s] Level 1:colcon.colcon_core.environment:checking '/mnt/c/Users/Edward/workspaces/robotics-portfolio/ros2-vision-perception/src/install/basic_pubsub/bin'
[4.741s] Level 1:colcon.colcon_core.environment:create_environment_scripts_only(basic_pubsub)
[4.741s] INFO:colcon.colcon_core.shell:Creating package script '/mnt/c/Users/Edward/workspaces/robotics-portfolio/ros2-vision-perception/src/install/basic_pubsub/share/basic_pubsub/package.ps1'
[4.754s] INFO:colcon.colcon_core.shell:Creating package descriptor '/mnt/c/Users/Edward/workspaces/robotics-portfolio/ros2-vision-perception/src/install/basic_pubsub/share/basic_pubsub/package.dsv'
[4.765s] INFO:colcon.colcon_core.shell:Creating package script '/mnt/c/Users/Edward/workspaces/robotics-portfolio/ros2-vision-perception/src/install/basic_pubsub/share/basic_pubsub/package.sh'
[4.776s] INFO:colcon.colcon_core.shell:Creating package script '/mnt/c/Users/Edward/workspaces/robotics-portfolio/ros2-vision-perception/src/install/basic_pubsub/share/basic_pubsub/package.bash'
[4.790s] INFO:colcon.colcon_core.shell:Creating package script '/mnt/c/Users/Edward/workspaces/robotics-portfolio/ros2-vision-perception/src/install/basic_pubsub/share/basic_pubsub/package.zsh'
[4.802s] Level 1:colcon.colcon_core.environment:create_file_with_runtime_dependencies(/mnt/c/Users/Edward/workspaces/robotics-portfolio/ros2-vision-perception/src/install/basic_pubsub/share/colcon-core/packages/basic_pubsub)
[4.810s] DEBUG:colcon.colcon_parallel_executor.executor.parallel:closing loop
[4.811s] DEBUG:colcon.colcon_parallel_executor.executor.parallel:loop closed
[4.811s] DEBUG:colcon.colcon_parallel_executor.executor.parallel:run_until_complete finished with '0'
[4.812s] DEBUG:colcon.colcon_core.event_reactor:joining thread
[4.875s] INFO:colcon.colcon_core.plugin_system:Skipping extension 'colcon_notification.desktop_notification.notify_send': Could not find 'notify-send'
[4.875s] INFO:colcon.colcon_core.plugin_system:Skipping extension 'colcon_notification.desktop_notification.terminal_notifier': Not used on non-Darwin systems
[4.876s] INFO:colcon.colcon_core.plugin_system:Skipping extension 'colcon_notification.desktop_notification.win32': Not used on non-Windows systems
[4.877s] INFO:colcon.colcon_notification.desktop_notification:Sending desktop notification using 'notify2'
[4.877s] DEBUG:colcon.colcon_notification.desktop_notification.notify2:Failed to initialize notify2: org.freedesktop.DBus.Error.FileNotFound: Failed to connect to socket /run/user/1000/bus: No such file or directory
[4.878s] DEBUG:colcon.colcon_core.event_reactor:joined thread
[4.879s] INFO:colcon.colcon_core.shell:Creating prefix script '/mnt/c/Users/Edward/workspaces/robotics-portfolio/ros2-vision-perception/src/install/local_setup.ps1'
[4.886s] INFO:colcon.colcon_core.shell:Creating prefix util module '/mnt/c/Users/Edward/workspaces/robotics-portfolio/ros2-vision-perception/src/install/_local_setup_util_ps1.py'
[4.895s] INFO:colcon.colcon_core.shell:Creating prefix chain script '/mnt/c/Users/Edward/workspaces/robotics-portfolio/ros2-vision-perception/src/install/setup.ps1'
[4.911s] INFO:colcon.colcon_core.shell:Creating prefix script '/mnt/c/Users/Edward/workspaces/robotics-portfolio/ros2-vision-perception/src/install/local_setup.sh'
[4.919s] INFO:colcon.colcon_core.shell:Creating prefix util module '/mnt/c/Users/Edward/workspaces/robotics-portfolio/ros2-vision-perception/src/install/_local_setup_util_sh.py'
[4.926s] INFO:colcon.colcon_core.shell:Creating prefix chain script '/mnt/c/Users/Edward/workspaces/robotics-portfolio/ros2-vision-perception/src/install/setup.sh'
[4.943s] INFO:colcon.colcon_core.shell:Creating prefix script '/mnt/c/Users/Edward/workspaces/robotics-portfolio/ros2-vision-perception/src/install/local_setup.bash'
[4.950s] INFO:colcon.colcon_core.shell:Creating prefix chain script '/mnt/c/Users/Edward/workspaces/robotics-portfolio/ros2-vision-perception/src/install/setup.bash'
[4.964s] INFO:colcon.colcon_core.shell:Creating prefix script '/mnt/c/Users/Edward/workspaces/robotics-portfolio/ros2-vision-perception/src/install/local_setup.zsh'
[4.972s] INFO:colcon.colcon_core.shell:Creating prefix chain script '/mnt/c/Users/Edward/workspaces/robotics-portfolio/ros2-vision-perception/src/install/setup.zsh'
