running egg_info
writing ../build/basic_pubsub/basic_pubsub.egg-info/PKG-INFO
writing dependency_links to ../build/basic_pubsub/basic_pubsub.egg-info/dependency_links.txt
writing entry points to ../build/basic_pubsub/basic_pubsub.egg-info/entry_points.txt
writing requirements to ../build/basic_pubsub/basic_pubsub.egg-info/requires.txt
writing top-level names to ../build/basic_pubsub/basic_pubsub.egg-info/top_level.txt
reading manifest file '../build/basic_pubsub/basic_pubsub.egg-info/SOURCES.txt'
writing manifest file '../build/basic_pubsub/basic_pubsub.egg-info/SOURCES.txt'
running build
running build_py
copying basic_pubsub/my_listener.py -> /mnt/c/Users/Edward/workspaces/robotics-portfolio/ros2-vision-perception/src/build/basic_pubsub/build/lib/basic_pubsub
copying basic_pubsub/my_talker.py -> /mnt/c/Users/Edward/workspaces/robotics-portfolio/ros2-vision-perception/src/build/basic_pubsub/build/lib/basic_pubsub
running install
running install_lib
copying /mnt/c/Users/Edward/workspaces/robotics-portfolio/ros2-vision-perception/src/build/basic_pubsub/build/lib/basic_pubsub/my_listener.py -> /mnt/c/Users/Edward/workspaces/robotics-portfolio/ros2-vision-perception/src/install/basic_pubsub/lib/python3.10/site-packages/basic_pubsub
copying /mnt/c/Users/Edward/workspaces/robotics-portfolio/ros2-vision-perception/src/build/basic_pubsub/build/lib/basic_pubsub/my_talker.py -> /mnt/c/Users/Edward/workspaces/robotics-portfolio/ros2-vision-perception/src/install/basic_pubsub/lib/python3.10/site-packages/basic_pubsub
byte-compiling /mnt/c/Users/Edward/workspaces/robotics-portfolio/ros2-vision-perception/src/install/basic_pubsub/lib/python3.10/site-packages/basic_pubsub/my_listener.py to my_listener.cpython-310.pyc
byte-compiling /mnt/c/Users/Edward/workspaces/robotics-portfolio/ros2-vision-perception/src/install/basic_pubsub/lib/python3.10/site-packages/basic_pubsub/my_talker.py to my_talker.cpython-310.pyc
running install_data
running install_egg_info
removing '/mnt/c/Users/Edward/workspaces/robotics-portfolio/ros2-vision-perception/src/install/basic_pubsub/lib/python3.10/site-packages/basic_pubsub-0.0.0-py3.10.egg-info' (and everything under it)
Copying ../build/basic_pubsub/basic_pubsub.egg-info to /mnt/c/Users/Edward/workspaces/robotics-portfolio/ros2-vision-perception/src/install/basic_pubsub/lib/python3.10/site-packages/basic_pubsub-0.0.0-py3.10.egg-info
running install_scripts
Installing my_listener script to /mnt/c/Users/Edward/workspaces/robotics-portfolio/ros2-vision-perception/src/install/basic_pubsub/lib/basic_pubsub
Installing my_talker script to /mnt/c/Users/Edward/workspaces/robotics-portfolio/ros2-vision-perception/src/install/basic_pubsub/lib/basic_pubsub
writing list of installed files to '/mnt/c/Users/Edward/workspaces/robotics-portfolio/ros2-vision-perception/src/build/basic_pubsub/install.log'
