[1.873s] Invoking command in '/mnt/c/Users/Edward/workspaces/robotics-portfolio/ros2-vision-perception/src/basic_pubsub': PYTHONPATH=/mnt/c/Users/Edward/workspaces/robotics-portfolio/ros2-vision-perception/src/build/basic_pubsub/prefix_override:/usr/lib/python3/dist-packages/colcon_core/task/python/colcon_distutils_commands:/mnt/c/Users/Edward/workspaces/robotics-portfolio/ros2-vision-perception/src/install/basic_pubsub/lib/python3.10/site-packages:${PYTHONPATH} /usr/bin/python3 -W ignore:setup.py install is deprecated -W ignore:easy_install command is deprecated setup.py egg_info --egg-base ../build/basic_pubsub build --build-base /mnt/c/Users/Edward/workspaces/robotics-portfolio/ros2-vision-perception/src/build/basic_pubsub/build install --record /mnt/c/Users/Edward/workspaces/robotics-portfolio/ros2-vision-perception/src/build/basic_pubsub/install.log --install-scripts $base/lib/basic_pubsub --single-version-externally-managed install_data
[2.703s] running egg_info
[2.710s] writing ../build/basic_pubsub/basic_pubsub.egg-info/PKG-INFO
[2.715s] writing dependency_links to ../build/basic_pubsub/basic_pubsub.egg-info/dependency_links.txt
[2.722s] writing entry points to ../build/basic_pubsub/basic_pubsub.egg-info/entry_points.txt
[2.727s] writing requirements to ../build/basic_pubsub/basic_pubsub.egg-info/requires.txt
[2.730s] writing top-level names to ../build/basic_pubsub/basic_pubsub.egg-info/top_level.txt
[2.765s] reading manifest file '../build/basic_pubsub/basic_pubsub.egg-info/SOURCES.txt'
[2.830s] writing manifest file '../build/basic_pubsub/basic_pubsub.egg-info/SOURCES.txt'
[2.834s] running build
[2.836s] running build_py
[2.847s] copying basic_pubsub/my_listener.py -> /mnt/c/Users/Edward/workspaces/robotics-portfolio/ros2-vision-perception/src/build/basic_pubsub/build/lib/basic_pubsub
[2.875s] copying basic_pubsub/my_talker.py -> /mnt/c/Users/Edward/workspaces/robotics-portfolio/ros2-vision-perception/src/build/basic_pubsub/build/lib/basic_pubsub
[2.905s] running install
[2.907s] running install_lib
[2.944s] copying /mnt/c/Users/Edward/workspaces/robotics-portfolio/ros2-vision-perception/src/build/basic_pubsub/build/lib/basic_pubsub/my_listener.py -> /mnt/c/Users/Edward/workspaces/robotics-portfolio/ros2-vision-perception/src/install/basic_pubsub/lib/python3.10/site-packages/basic_pubsub
[2.990s] copying /mnt/c/Users/Edward/workspaces/robotics-portfolio/ros2-vision-perception/src/build/basic_pubsub/build/lib/basic_pubsub/my_talker.py -> /mnt/c/Users/Edward/workspaces/robotics-portfolio/ros2-vision-perception/src/install/basic_pubsub/lib/python3.10/site-packages/basic_pubsub
[3.055s] byte-compiling /mnt/c/Users/Edward/workspaces/robotics-portfolio/ros2-vision-perception/src/install/basic_pubsub/lib/python3.10/site-packages/basic_pubsub/my_listener.py to my_listener.cpython-310.pyc
[3.104s] byte-compiling /mnt/c/Users/Edward/workspaces/robotics-portfolio/ros2-vision-perception/src/install/basic_pubsub/lib/python3.10/site-packages/basic_pubsub/my_talker.py to my_talker.cpython-310.pyc
[3.153s] running install_data
[3.179s] running install_egg_info
[3.191s] removing '/mnt/c/Users/Edward/workspaces/robotics-portfolio/ros2-vision-perception/src/install/basic_pubsub/lib/python3.10/site-packages/basic_pubsub-0.0.0-py3.10.egg-info' (and everything under it)
[3.248s] Copying ../build/basic_pubsub/basic_pubsub.egg-info to /mnt/c/Users/Edward/workspaces/robotics-portfolio/ros2-vision-perception/src/install/basic_pubsub/lib/python3.10/site-packages/basic_pubsub-0.0.0-py3.10.egg-info
[3.524s] running install_scripts
[3.598s] Installing my_listener script to /mnt/c/Users/Edward/workspaces/robotics-portfolio/ros2-vision-perception/src/install/basic_pubsub/lib/basic_pubsub
[3.608s] Installing my_talker script to /mnt/c/Users/Edward/workspaces/robotics-portfolio/ros2-vision-perception/src/install/basic_pubsub/lib/basic_pubsub
[3.623s] writing list of installed files to '/mnt/c/Users/Edward/workspaces/robotics-portfolio/ros2-vision-perception/src/build/basic_pubsub/install.log'
[3.655s] Invoked command in '/mnt/c/Users/Edward/workspaces/robotics-portfolio/ros2-vision-perception/src/basic_pubsub' returned '0': PYTHONPATH=/mnt/c/Users/Edward/workspaces/robotics-portfolio/ros2-vision-perception/src/build/basic_pubsub/prefix_override:/usr/lib/python3/dist-packages/colcon_core/task/python/colcon_distutils_commands:/mnt/c/Users/Edward/workspaces/robotics-portfolio/ros2-vision-perception/src/install/basic_pubsub/lib/python3.10/site-packages:${PYTHONPATH} /usr/bin/python3 -W ignore:setup.py install is deprecated -W ignore:easy_install command is deprecated setup.py egg_info --egg-base ../build/basic_pubsub build --build-base /mnt/c/Users/Edward/workspaces/robotics-portfolio/ros2-vision-perception/src/build/basic_pubsub/build install --record /mnt/c/Users/Edward/workspaces/robotics-portfolio/ros2-vision-perception/src/build/basic_pubsub/install.log --install-scripts $base/lib/basic_pubsub --single-version-externally-managed install_data
