[2.199s] Invoking command in '/mnt/c/Users/Edward/workspaces/robotics-portfolio/ros2-vision-perception/src/basic_pubsub': PYTHONPATH=/mnt/c/Users/Edward/workspaces/robotics-portfolio/ros2-vision-perception/build/basic_pubsub/prefix_override:/usr/lib/python3/dist-packages/colcon_core/task/python/colcon_distutils_commands:/mnt/c/Users/Edward/workspaces/robotics-portfolio/ros2-vision-perception/install/basic_pubsub/lib/python3.10/site-packages:${PYTHONPATH} /usr/bin/python3 -W ignore:setup.py install is deprecated -W ignore:easy_install command is deprecated setup.py egg_info --egg-base ../../build/basic_pubsub build --build-base /mnt/c/Users/Edward/workspaces/robotics-portfolio/ros2-vision-perception/build/basic_pubsub/build install --record /mnt/c/Users/Edward/workspaces/robotics-portfolio/ros2-vision-perception/build/basic_pubsub/install.log --install-scripts $base/lib/basic_pubsub --single-version-externally-managed install_data
[3.205s] running egg_info
[3.210s] creating ../../build/basic_pubsub/basic_pubsub.egg-info
[3.213s] writing ../../build/basic_pubsub/basic_pubsub.egg-info/PKG-INFO
[3.221s] writing dependency_links to ../../build/basic_pubsub/basic_pubsub.egg-info/dependency_links.txt
[3.227s] writing entry points to ../../build/basic_pubsub/basic_pubsub.egg-info/entry_points.txt
[3.233s] writing requirements to ../../build/basic_pubsub/basic_pubsub.egg-info/requires.txt
[3.235s] writing top-level names to ../../build/basic_pubsub/basic_pubsub.egg-info/top_level.txt
[3.241s] writing manifest file '../../build/basic_pubsub/basic_pubsub.egg-info/SOURCES.txt'
[3.269s] reading manifest file '../../build/basic_pubsub/basic_pubsub.egg-info/SOURCES.txt'
[3.320s] writing manifest file '../../build/basic_pubsub/basic_pubsub.egg-info/SOURCES.txt'
[3.323s] running build
[3.325s] running build_py
[3.329s] creating /mnt/c/Users/Edward/workspaces/robotics-portfolio/ros2-vision-perception/build/basic_pubsub/build
[3.331s] creating /mnt/c/Users/Edward/workspaces/robotics-portfolio/ros2-vision-perception/build/basic_pubsub/build/lib
[3.333s] creating /mnt/c/Users/Edward/workspaces/robotics-portfolio/ros2-vision-perception/build/basic_pubsub/build/lib/basic_pubsub
[3.341s] copying basic_pubsub/my_listener.py -> /mnt/c/Users/Edward/workspaces/robotics-portfolio/ros2-vision-perception/build/basic_pubsub/build/lib/basic_pubsub
[3.362s] copying basic_pubsub/my_talker.py -> /mnt/c/Users/Edward/workspaces/robotics-portfolio/ros2-vision-perception/build/basic_pubsub/build/lib/basic_pubsub
[3.382s] copying basic_pubsub/__init__.py -> /mnt/c/Users/Edward/workspaces/robotics-portfolio/ros2-vision-perception/build/basic_pubsub/build/lib/basic_pubsub
[3.394s] running install
[3.395s] running install_lib
[3.417s] creating /mnt/c/Users/Edward/workspaces/robotics-portfolio/ros2-vision-perception/install/basic_pubsub/lib/python3.10/site-packages/basic_pubsub
[3.433s] copying /mnt/c/Users/Edward/workspaces/robotics-portfolio/ros2-vision-perception/build/basic_pubsub/build/lib/basic_pubsub/my_listener.py -> /mnt/c/Users/Edward/workspaces/robotics-portfolio/ros2-vision-perception/install/basic_pubsub/lib/python3.10/site-packages/basic_pubsub
[3.466s] copying /mnt/c/Users/Edward/workspaces/robotics-portfolio/ros2-vision-perception/build/basic_pubsub/build/lib/basic_pubsub/my_talker.py -> /mnt/c/Users/Edward/workspaces/robotics-portfolio/ros2-vision-perception/install/basic_pubsub/lib/python3.10/site-packages/basic_pubsub
[3.498s] copying /mnt/c/Users/Edward/workspaces/robotics-portfolio/ros2-vision-perception/build/basic_pubsub/build/lib/basic_pubsub/__init__.py -> /mnt/c/Users/Edward/workspaces/robotics-portfolio/ros2-vision-perception/install/basic_pubsub/lib/python3.10/site-packages/basic_pubsub
[3.532s] byte-compiling /mnt/c/Users/Edward/workspaces/robotics-portfolio/ros2-vision-perception/install/basic_pubsub/lib/python3.10/site-packages/basic_pubsub/my_listener.py to my_listener.cpython-310.pyc
[3.571s] byte-compiling /mnt/c/Users/Edward/workspaces/robotics-portfolio/ros2-vision-perception/install/basic_pubsub/lib/python3.10/site-packages/basic_pubsub/my_talker.py to my_talker.cpython-310.pyc
[3.611s] byte-compiling /mnt/c/Users/Edward/workspaces/robotics-portfolio/ros2-vision-perception/install/basic_pubsub/lib/python3.10/site-packages/basic_pubsub/__init__.py to __init__.cpython-310.pyc
[3.645s] running install_data
[3.652s] creating /mnt/c/Users/Edward/workspaces/robotics-portfolio/ros2-vision-perception/install/basic_pubsub/share/ament_index
[3.654s] creating /mnt/c/Users/Edward/workspaces/robotics-portfolio/ros2-vision-perception/install/basic_pubsub/share/ament_index/resource_index
[3.656s] creating /mnt/c/Users/Edward/workspaces/robotics-portfolio/ros2-vision-perception/install/basic_pubsub/share/ament_index/resource_index/packages
[3.667s] copying resource/basic_pubsub -> /mnt/c/Users/Edward/workspaces/robotics-portfolio/ros2-vision-perception/install/basic_pubsub/share/ament_index/resource_index/packages
[3.690s] copying package.xml -> /mnt/c/Users/Edward/workspaces/robotics-portfolio/ros2-vision-perception/install/basic_pubsub/share/basic_pubsub
[3.703s] running install_egg_info
[3.722s] Copying ../../build/basic_pubsub/basic_pubsub.egg-info to /mnt/c/Users/Edward/workspaces/robotics-portfolio/ros2-vision-perception/install/basic_pubsub/lib/python3.10/site-packages/basic_pubsub-0.0.0-py3.10.egg-info
[3.972s] running install_scripts
[4.067s] Installing my_listener script to /mnt/c/Users/Edward/workspaces/robotics-portfolio/ros2-vision-perception/install/basic_pubsub/lib/basic_pubsub
[4.076s] Installing my_talker script to /mnt/c/Users/Edward/workspaces/robotics-portfolio/ros2-vision-perception/install/basic_pubsub/lib/basic_pubsub
[4.089s] writing list of installed files to '/mnt/c/Users/Edward/workspaces/robotics-portfolio/ros2-vision-perception/build/basic_pubsub/install.log'
[4.111s] Invoked command in '/mnt/c/Users/Edward/workspaces/robotics-portfolio/ros2-vision-perception/src/basic_pubsub' returned '0': PYTHONPATH=/mnt/c/Users/Edward/workspaces/robotics-portfolio/ros2-vision-perception/build/basic_pubsub/prefix_override:/usr/lib/python3/dist-packages/colcon_core/task/python/colcon_distutils_commands:/mnt/c/Users/Edward/workspaces/robotics-portfolio/ros2-vision-perception/install/basic_pubsub/lib/python3.10/site-packages:${PYTHONPATH} /usr/bin/python3 -W ignore:setup.py install is deprecated -W ignore:easy_install command is deprecated setup.py egg_info --egg-base ../../build/basic_pubsub build --build-base /mnt/c/Users/Edward/workspaces/robotics-portfolio/ros2-vision-perception/build/basic_pubsub/build install --record /mnt/c/Users/Edward/workspaces/robotics-portfolio/ros2-vision-perception/build/basic_pubsub/install.log --install-scripts $base/lib/basic_pubsub --single-version-externally-managed install_data
